<?xml version="1.0" encoding="UTF-8"?>
<!-- Generated by org.testng.reporters.JUnitXMLReporter -->
<testsuite ignored="18" hostname="DESKTOP-5FESB8K" failures="3" tests="49" name="Test" time="1285.058" errors="0" timestamp="2025-04-01T15:09:35 IST">
  <testcase classname="test.TC_001HomePageTest" name="testElementsVisibility" time="0.539"/>
  <testcase classname="test.TC_001HomePageTest" name="testLoginFunctionality" time="48.002"/>
  <testcase classname="test.TC_001HomePageTest" name="testLoginFunctionality" time="1.431"/>
  <testcase classname="test.TC_001HomePageTest" name="testLoginFunctionality" time="0.773"/>
  <testcase classname="test.TC_001HomePageTest" name="testLoginFunctionality" time="0.689"/>
  <testcase classname="test.TC_001HomePageTest" name="testLoginFunctionality" time="0.637"/>
  <testcase classname="test.TC_002ForgetPasswordTest" name="testValidEmailForPasswordReset" time="7.34"/>
  <testcase classname="test.TC_002ForgetPasswordTest" name="testInvalidEmailForPasswordReset" time="2.448"/>
  <testcase classname="test.TC_002ForgetPasswordTest" name="testBlankEmailField" time="2.329"/>
  <testcase classname="test.TC_002ForgetPasswordTest" name="testClickBackToLogin" time="2.326"/>
  <testcase classname="test.TC_003SignupTest" name="testSignup" time="38.141"/>
  <testcase classname="test.TC_003SignupTest" name="testSignup" time="32.377"/>
  <testcase classname="test.TC_003SignupTest" name="testSignup" time="32.74"/>
  <testcase classname="test.TC_003SignupTest" name="testSignup" time="21.667"/>
  <testcase classname="test.TC_003SignupTest" name="testSignup" time="32.608"/>
  <testcase classname="test.TC_003SignupTest" name="testSignup" time="68.687">
    <failure type="java.lang.AssertionError" message="Signup should be successful but found errors: Captcha is Empty expected [true] but found [false]">
      <![CDATA[java.lang.AssertionError: Signup should be successful but found errors: Captcha is Empty expected [true] but found [false]
at test.TC_003SignupTest.testSignup(TC_003SignupTest.java:51)
at java.base/java.util.ArrayList.forEach(ArrayList.java:1596)
... Removed 28 stack frames]]>
    </failure>
  </testcase> <!-- testSignup -->
  <testcase classname="test.TC_004SearchHotelTest" name="searchHotelTest" time="4.563"/>
  <testcase classname="test.TC_004SearchHotelTest" name="searchHotelTest" time="4.324"/>
  <testcase classname="test.TC_004SearchHotelTest" name="searchHotelTest" time="4.79"/>
  <testcase classname="test.TC_004SearchHotelTest" name="searchHotelTest" time="4.528"/>
  <testcase classname="test.TC_004SearchHotelTest" name="searchHotelTest" time="5.445"/>
  <testcase classname="test.TC_004SearchHotelTest" name="searchHotelTest" time="5.168"/>
  <testcase classname="test.TC_004SearchHotelTest" name="verifyButtonsClickabilityTest" time="2.227"/>
  <testcase classname="test.TC_005SelectHotelTest" name="testEditSelectHotel" time="5.587"/>
  <testcase classname="test.TC_005SelectHotelTest" name="testSelectHotelPageScenarios" time="1.957">
    <failure type="java.lang.AssertionError" message="Failed to navigate to Book Hotel page after selecting a hotel. expected [true] but found [false]">
      <![CDATA[java.lang.AssertionError: Failed to navigate to Book Hotel page after selecting a hotel. expected [true] but found [false]
at test.TC_005SelectHotelTest.testSelectHotelPageScenarios(TC_005SelectHotelTest.java:63)
at java.base/java.util.ArrayList.forEach(ArrayList.java:1596)
... Removed 28 stack frames]]>
    </failure>
  </testcase> <!-- testSelectHotelPageScenarios -->
  <testcase classname="test.TC_005SelectHotelTest" name="verifyHotelDetailsAndTotalPrice" time="1.088"/>
  <testcase classname="test.TC_006BookedltineraryTest" name="verifyNavigationToBookedItineraryPage" time="8.165"/>
  <testcase classname="test.TC_006BookedltineraryTest" name="verifyHeaderButtonsClickability" time="14.045"/>
  <testcase classname="test.TC_006BookedltineraryTest" name="verifySearchBookingWithValidBookingID" time="17.617"/>
  <testcase classname="test.TC_006BookedltineraryTest" name="verifySearchBookingWithInvalidBookingID" time="56.307"/>
  <testcase classname="test.TC_006BookedltineraryTest" name="verifyCancelSelectedBookingWithoutSelectingAny" time="20.785"/>
  <testcase classname="test.TC_006BookedltineraryTest" name="verifyCancelSelectedBookingSuccessfully" time="27.172"/>
  <testcase classname="test.TC_006BookedltineraryTest" name="verifyUnauthorizedAccess" time="31.824"/>
  <testcase classname="test.TC_007BookHotelTest" name="verifyHotelBooking" time="8.795"/>
  <testcase classname="test.TC_007BookHotelTest" name="verifyHotelBooking" time="7.201"/>
  <testcase classname="test.TC_007BookHotelTest" name="verifyHotelBooking" time="7.514"/>
  <testcase classname="test.TC_007BookHotelTest" name="verifyHotelBooking" time="7.287"/>
  <testcase classname="test.TC_007BookHotelTest" name="verifyHotelBooking" time="7.192"/>
  <testcase classname="test.TC_007BookHotelTest" name="verifyHotelBooking" time="7.782"/>
  <testcase classname="test.TC_007BookHotelTest" name="verifyHotelBooking" time="7.461"/>
  <testcase classname="test.TC_007BookHotelTest" name="verifyHotelBooking" time="7.427"/>
  <testcase classname="test.TC_007BookHotelTest" name="verifyHotelBooking" time="7.245"/>
  <testcase classname="test.TC_008BookIngConfirmTest" name="verifyBookingConfirmation" time="19.811"/>
  <testcase classname="test.TC_009ChangePasswordTest" name="testChangePassword" time="5.0"/>
  <testcase classname="test.TC_009ChangePasswordTest" name="testChangePassword" time="4.923"/>
  <testcase classname="test.TC_009ChangePasswordTest" name="testChangePassword" time="4.971"/>
  <testcase classname="test.TC_009ChangePasswordTest" name="testChangePassword" time="6.1"/>
  <testcase classname="test.TC_009ChangePasswordTest" name="testChangePassword" time="4.495"/>
  <testcase classname="test.TC_010DownloadPageTest" name="testDownloadAndClick" time="16.891">
    <failure type="org.openqa.selenium.NoSuchElementException" message="no such element: Unable to locate element: {&amp;quot;method&amp;quot;:&amp;quot;xpath&amp;quot;,&amp;quot;selector&amp;quot;:&amp;quot;//a[contains(text(),&amp;apos;DOWNLOAD&amp;apos;)]&amp;quot;}
  (Session info: chrome=134.0.6998.178)
For documentation on this error, please visit: https://www.selenium.dev/documentation/webdriver/troubleshooting/errors#no-such-element-exception
Build info: version: &amp;apos;4.28.1&amp;apos;, revision: &amp;apos;73f5ad48a2&amp;apos;
System info: os.name: &amp;apos;Windows 10&amp;apos;, os.arch: &amp;apos;amd64&amp;apos;, os.version: &amp;apos;10.0&amp;apos;, java.version: &amp;apos;21.0.5&amp;apos;
Driver info: org.openqa.selenium.chrome.ChromeDriver
Command: [45f2d5c4796be54098b631d040bbe26c, findElement {using=xpath, value=//a[contains(text(),&amp;apos;DOWNLOAD&amp;apos;)]}]
Capabilities {acceptInsecureCerts: false, browserName: chrome, browserVersion: 134.0.6998.178, chrome: {chromedriverVersion: 134.0.6998.165 (fd886e2cb29..., userDataDir: C:\Users\siva\AppData\Local...}, fedcm:accounts: true, goog:chromeOptions: {debuggerAddress: localhost:58821}, networkConnectionEnabled: false, pageLoadStrategy: normal, platformName: windows, proxy: Proxy(), se:cdp: ws://localhost:58821/devtoo..., se:cdpVersion: 134.0.6998.178, setWindowRect: true, strictFileInteractability: false, timeouts: {implicit: 0, pageLoad: 300000, script: 30000}, unhandledPromptBehavior: dismiss and notify, webauthn:extension:credBlob: true, webauthn:extension:largeBlob: true, webauthn:extension:minPinLength: true, webauthn:extension:prf: true, webauthn:virtualAuthenticators: true}
Session ID: 45f2d5c4796be54098b631d040bbe26c">
      <![CDATA[org.openqa.selenium.NoSuchElementException: no such element: Unable to locate element: {"method":"xpath","selector":"//a[contains(text(),'DOWNLOAD')]"}
  (Session info: chrome=134.0.6998.178)
For documentation on this error, please visit: https://www.selenium.dev/documentation/webdriver/troubleshooting/errors#no-such-element-exception
Build info: version: '4.28.1', revision: '73f5ad48a2'
System info: os.name: 'Windows 10', os.arch: 'amd64', os.version: '10.0', java.version: '21.0.5'
Driver info: org.openqa.selenium.chrome.ChromeDriver
Command: [45f2d5c4796be54098b631d040bbe26c, findElement {using=xpath, value=//a[contains(text(),'DOWNLOAD')]}]
Capabilities {acceptInsecureCerts: false, browserName: chrome, browserVersion: 134.0.6998.178, chrome: {chromedriverVersion: 134.0.6998.165 (fd886e2cb29..., userDataDir: C:\Users\siva\AppData\Local...}, fedcm:accounts: true, goog:chromeOptions: {debuggerAddress: localhost:58821}, networkConnectionEnabled: false, pageLoadStrategy: normal, platformName: windows, proxy: Proxy(), se:cdp: ws://localhost:58821/devtoo..., se:cdpVersion: 134.0.6998.178, setWindowRect: true, strictFileInteractability: false, timeouts: {implicit: 0, pageLoad: 300000, script: 30000}, unhandledPromptBehavior: dismiss and notify, webauthn:extension:credBlob: true, webauthn:extension:largeBlob: true, webauthn:extension:minPinLength: true, webauthn:extension:prf: true, webauthn:virtualAuthenticators: true}
Session ID: 45f2d5c4796be54098b631d040bbe26c
at org.openqa.selenium.remote.ErrorCodec.decode(ErrorCodec.java:167)
at org.openqa.selenium.remote.codec.w3c.W3CHttpResponseCodec.decode(W3CHttpResponseCodec.java:138)
at org.openqa.selenium.remote.codec.w3c.W3CHttpResponseCodec.decode(W3CHttpResponseCodec.java:50)
at org.openqa.selenium.remote.HttpCommandExecutor.execute(HttpCommandExecutor.java:215)
at org.openqa.selenium.remote.service.DriverCommandExecutor.invokeExecute(DriverCommandExecutor.java:216)
at org.openqa.selenium.remote.service.DriverCommandExecutor.execute(DriverCommandExecutor.java:174)
at org.openqa.selenium.remote.RemoteWebDriver.execute(RemoteWebDriver.java:545)
at org.openqa.selenium.remote.ElementLocation$ElementFinder$2.findElement(ElementLocation.java:165)
at org.openqa.selenium.remote.ElementLocation.findElement(ElementLocation.java:59)
at org.openqa.selenium.remote.RemoteWebDriver.findElement(RemoteWebDriver.java:368)
at org.openqa.selenium.remote.RemoteWebDriver.findElement(RemoteWebDriver.java:362)
at org.openqa.selenium.support.pagefactory.DefaultElementLocator.findElement(DefaultElementLocator.java:68)
at org.openqa.selenium.support.pagefactory.internal.LocatingElementHandler.invoke(LocatingElementHandler.java:38)
at jdk.proxy2/jdk.proxy2.$Proxy20.isDisplayed(Unknown Source)
at page.DownloadPage.clickHotelAppLink(DownloadPage.java:45)
at test.TC_010DownloadPageTest.testDownloadAndClick(TC_010DownloadPageTest.java:25)
at java.base/java.util.ArrayList.forEach(ArrayList.java:1596)
... Removed 28 stack frames]]>
    </failure>
  </testcase> <!-- testDownloadAndClick -->
  <testcase classname="base.ProjectSpecificationMethod" name="@BeforeSuite reportiniatialization" time="0.0">
    <ignored/>
  </testcase> <!-- @BeforeSuite reportiniatialization -->
  <testcase classname="base.ProjectSpecificationMethod" name="@AfterSuite reportclose" time="0.0">
    <ignored/>
  </testcase> <!-- @AfterSuite reportclose -->
  <testcase classname="base.ProjectSpecificationMethod" name="@AfterSuite reportclose" time="0.0">
    <ignored/>
  </testcase> <!-- @AfterSuite reportclose -->
  <testcase classname="base.ProjectSpecificationMethod" name="@BeforeSuite reportiniatialization" time="0.0">
    <ignored/>
  </testcase> <!-- @BeforeSuite reportiniatialization -->
  <testcase classname="base.ProjectSpecificationMethod" name="@AfterSuite reportclose" time="0.0">
    <ignored/>
  </testcase> <!-- @AfterSuite reportclose -->
  <testcase classname="base.ProjectSpecificationMethod" name="@AfterSuite reportclose" time="0.0">
    <ignored/>
  </testcase> <!-- @AfterSuite reportclose -->
  <testcase classname="base.ProjectSpecificationMethod" name="@BeforeSuite reportiniatialization" time="0.0">
    <ignored/>
  </testcase> <!-- @BeforeSuite reportiniatialization -->
  <testcase classname="base.ProjectSpecificationMethod" name="@AfterSuite reportclose" time="0.0">
    <ignored/>
  </testcase> <!-- @AfterSuite reportclose -->
  <testcase classname="base.ProjectSpecificationMethod" name="@AfterSuite reportclose" time="0.0">
    <ignored/>
  </testcase> <!-- @AfterSuite reportclose -->
  <testcase classname="base.ProjectSpecificationMethod" name="@BeforeSuite reportiniatialization" time="0.0">
    <ignored/>
  </testcase> <!-- @BeforeSuite reportiniatialization -->
  <testcase classname="base.ProjectSpecificationMethod" name="@BeforeSuite reportiniatialization" time="0.0">
    <ignored/>
  </testcase> <!-- @BeforeSuite reportiniatialization -->
  <testcase classname="base.ProjectSpecificationMethod" name="@AfterSuite reportclose" time="0.0">
    <ignored/>
  </testcase> <!-- @AfterSuite reportclose -->
  <testcase classname="base.ProjectSpecificationMethod" name="@AfterSuite reportclose" time="0.0">
    <ignored/>
  </testcase> <!-- @AfterSuite reportclose -->
  <testcase classname="base.ProjectSpecificationMethod" name="@BeforeSuite reportiniatialization" time="0.0">
    <ignored/>
  </testcase> <!-- @BeforeSuite reportiniatialization -->
  <testcase classname="base.ProjectSpecificationMethod" name="@BeforeSuite reportiniatialization" time="0.0">
    <ignored/>
  </testcase> <!-- @BeforeSuite reportiniatialization -->
  <testcase classname="base.ProjectSpecificationMethod" name="@AfterSuite reportclose" time="0.0">
    <ignored/>
  </testcase> <!-- @AfterSuite reportclose -->
  <testcase classname="base.ProjectSpecificationMethod" name="@BeforeSuite reportiniatialization" time="0.0">
    <ignored/>
  </testcase> <!-- @BeforeSuite reportiniatialization -->
  <testcase classname="base.ProjectSpecificationMethod" name="@BeforeSuite reportiniatialization" time="0.0">
    <ignored/>
  </testcase> <!-- @BeforeSuite reportiniatialization -->
</testsuite> <!-- Test -->
