<html>
<head>
<title>TestNG:  Test</title>
<link href="../testng.css" rel="stylesheet" type="text/css" />
<link href="../my-testng.css" rel="stylesheet" type="text/css" />

<style type="text/css">
.log { display: none;} 
.stack-trace { display: none;} 
</style>
<script type="text/javascript">
<!--
function flip(e) {
  current = e.style.display;
  if (current == 'block') {
    e.style.display = 'none';
    return 0;
  }
  else {
    e.style.display = 'block';
    return 1;
  }
}

function toggleBox(szDivId, elem, msg1, msg2)
{
  var res = -1;  if (document.getElementById) {
    res = flip(document.getElementById(szDivId));
  }
  else if (document.all) {
    // this is the way old msie versions work
    res = flip(document.all[szDivId]);
  }
  if(elem) {
    if(res == 0) elem.innerHTML = msg1; else elem.innerHTML = msg2;
  }

}

function toggleAllBoxes() {
  if (document.getElementsByTagName) {
    d = document.getElementsByTagName('div');
    for (i = 0; i < d.length; i++) {
      if (d[i].className == 'log') {
        flip(d[i]);
      }
    }
  }
}

// -->
</script>

</head>
<body>
<h2 align='center'>Test</h2><table border='1' align="center">
<tr>
<td>Tests passed/Failed/Skipped:</td><td>46/3/0</td>
</tr><tr>
<td>Started on:</td><td>Tue Apr 01 14:48:10 IST 2025</td>
</tr>
<tr><td>Total time:</td><td>1285 seconds (1285058 ms)</td>
</tr><tr>
<td>Included groups:</td><td></td>
</tr><tr>
<td>Excluded groups:</td><td></td>
</tr>
</table><p/>
<small><i>(Hover the method name to see the test class name)</i></small><p/>
<table width='100%' border='1' class='invocation-failed'>
<tr><td colspan='4' align='center'><b>FAILED TESTS</b></td></tr>
<tr><td><b>Test method</b></td>
<td><b>Attribute(s)</b></td>
<td width="30%"><b>Exception</b></td>
<td width="10%"><b>Time (seconds)</b></td>
<td><b>Instance</b></td>
</tr>
<tr>
<td title='test.TC_005SelectHotelTest.testSelectHotelPageScenarios()'><b>testSelectHotelPageScenarios</b><br>Test class: test.TC_005SelectHotelTest</td>
<td><div><pre>java.lang.AssertionError: Failed to navigate to Book Hotel page after selecting a hotel. expected [true] but found [false]
	at test.TC_005SelectHotelTest.testSelectHotelPageScenarios(TC_005SelectHotelTest.java:63)
	at java.base/java.util.ArrayList.forEach(ArrayList.java:1596)
... Removed 28 stack frames</pre></div><a href='#' onClick='toggleBox("stack-trace35342973", this, "Click to show all stack frames", "Click to hide stack frames")'>Click to show all stack frames</a>
<div class='stack-trace' id='stack-trace35342973'><pre>java.lang.AssertionError: Failed to navigate to Book Hotel page after selecting a hotel. expected [true] but found [false]
	at org.testng.Assert.fail(Assert.java:111)
	at org.testng.Assert.failNotEquals(Assert.java:1578)
	at org.testng.Assert.assertTrue(Assert.java:57)
	at test.TC_005SelectHotelTest.testSelectHotelPageScenarios(TC_005SelectHotelTest.java:63)
	at java.base/jdk.internal.reflect.DirectMethodHandleAccessor.invoke(DirectMethodHandleAccessor.java:103)
	at java.base/java.lang.reflect.Method.invoke(Method.java:580)
	at org.testng.internal.invokers.MethodInvocationHelper.invokeMethod(MethodInvocationHelper.java:139)
	at org.testng.internal.invokers.TestInvoker.invokeMethod(TestInvoker.java:664)
	at org.testng.internal.invokers.TestInvoker.invokeTestMethod(TestInvoker.java:227)
	at org.testng.internal.invokers.MethodRunner.runInSequence(MethodRunner.java:50)
	at org.testng.internal.invokers.TestInvoker$MethodInvocationAgent.invoke(TestInvoker.java:957)
	at org.testng.internal.invokers.TestInvoker.invokeTestMethods(TestInvoker.java:200)
	at org.testng.internal.invokers.TestMethodWorker.invokeTestMethods(TestMethodWorker.java:148)
	at org.testng.internal.invokers.TestMethodWorker.run(TestMethodWorker.java:128)
	at java.base/java.util.ArrayList.forEach(ArrayList.java:1596)
	at org.testng.TestRunner.privateRun(TestRunner.java:848)
	at org.testng.TestRunner.run(TestRunner.java:621)
	at org.testng.SuiteRunner.runTest(SuiteRunner.java:443)
	at org.testng.SuiteRunner.runSequentially(SuiteRunner.java:437)
	at org.testng.SuiteRunner.privateRun(SuiteRunner.java:397)
	at org.testng.SuiteRunner.run(SuiteRunner.java:336)
	at org.testng.SuiteRunnerWorker.runSuite(SuiteRunnerWorker.java:52)
	at org.testng.SuiteRunnerWorker.run(SuiteRunnerWorker.java:95)
	at org.testng.TestNG.runSuitesSequentially(TestNG.java:1280)
	at org.testng.TestNG.runSuitesLocally(TestNG.java:1200)
	at org.testng.TestNG.runSuites(TestNG.java:1114)
	at org.testng.TestNG.run(TestNG.java:1082)
	at org.testng.remote.AbstractRemoteTestNG.run(AbstractRemoteTestNG.java:115)
	at org.testng.remote.RemoteTestNG.initAndRun(RemoteTestNG.java:293)
	at org.testng.remote.RemoteTestNG.main(RemoteTestNG.java:91)
</pre></div></td>
<td>1</td>
<td>test.TC_005SelectHotelTest@305b7c14</td></tr>
<tr>
<td title='test.TC_010DownloadPageTest.testDownloadAndClick()'><b>testDownloadAndClick</b><br>Test class: test.TC_010DownloadPageTest</td>
<td><div><pre>org.openqa.selenium.NoSuchElementException: no such element: Unable to locate element: {&quot;method&quot;:&quot;xpath&quot;,&quot;selector&quot;:&quot;//a[contains(text(),&apos;DOWNLOAD&apos;)]&quot;}
  (Session info: chrome=134.0.6998.178)
For documentation on this error, please visit: https://www.selenium.dev/documentation/webdriver/troubleshooting/errors#no-such-element-exception
Build info: version: &apos;4.28.1&apos;, revision: &apos;73f5ad48a2&apos;
System info: os.name: &apos;Windows 10&apos;, os.arch: &apos;amd64&apos;, os.version: &apos;10.0&apos;, java.version: &apos;21.0.5&apos;
Driver info: org.openqa.selenium.chrome.ChromeDriver
Command: [45f2d5c4796be54098b631d040bbe26c, findElement {using=xpath, value=//a[contains(text(),&apos;DOWNLOAD&apos;)]}]
Capabilities {acceptInsecureCerts: false, browserName: chrome, browserVersion: 134.0.6998.178, chrome: {chromedriverVersion: 134.0.6998.165 (fd886e2cb29..., userDataDir: C:\Users\siva\AppData\Local...}, fedcm:accounts: true, goog:chromeOptions: {debuggerAddress: localhost:58821}, networkConnectionEnabled: false, pageLoadStrategy: normal, platformName: windows, proxy: Proxy(), se:cdp: ws://localhost:58821/devtoo..., se:cdpVersion: 134.0.6998.178, setWindowRect: true, strictFileInteractability: false, timeouts: {implicit: 0, pageLoad: 300000, script: 30000}, unhandledPromptBehavior: dismiss and notify, webauthn:extension:credBlob: true, webauthn:extension:largeBlob: true, webauthn:extension:minPinLength: true, webauthn:extension:prf: true, webauthn:virtualAuthenticators: true}
Session ID: 45f2d5c4796be54098b631d040bbe26c
	at org.openqa.selenium.remote.ErrorCodec.decode(ErrorCodec.java:167)
	at org.openqa.selenium.remote.codec.w3c.W3CHttpResponseCodec.decode(W3CHttpResponseCodec.java:138)
	at org.openqa.selenium.remote.codec.w3c.W3CHttpResponseCodec.decode(W3CHttpResponseCodec.java:50)
	at org.openqa.selenium.remote.HttpCommandExecutor.execute(HttpCommandExecutor.java:215)
	at org.openqa.selenium.remote.service.DriverCommandExecutor.invokeExecute(DriverCommandExecutor.java:216)
	at org.openqa.selenium.remote.service.DriverCommandExecutor.execute(DriverCommandExecutor.java:174)
	at org.openqa.selenium.remote.RemoteWebDriver.execute(RemoteWebDriver.java:545)
	at org.openqa.selenium.remote.ElementLocation$ElementFinder$2.findElement(ElementLocation.java:165)
	at org.openqa.selenium.remote.ElementLocation.findElement(ElementLocation.java:59)
	at org.openqa.selenium.remote.RemoteWebDriver.findElement(RemoteWebDriver.java:368)
	at org.openqa.selenium.remote.RemoteWebDriver.findElement(RemoteWebDriver.java:362)
	at org.openqa.selenium.support.pagefactory.DefaultElementLocator.findElement(DefaultElementLocator.java:68)
	at org.openqa.selenium.support.pagefactory.internal.LocatingElementHandler.invoke(LocatingElementHandler.java:38)
	at jdk.proxy2/jdk.proxy2.$Proxy20.isDisplayed(Unknown Source)
	at page.DownloadPage.clickHotelAppLink(DownloadPage.java:45)
	at test.TC_010DownloadPageTest.testDownloadAndClick(TC_010DownloadPageTest.java:25)
	at java.base/java.util.ArrayList.forEach(ArrayList.java:1596)
... Removed 28 stack frames</pre></div><a href='#' onClick='toggleBox("stack-trace408122693", this, "Click to show all stack frames", "Click to hide stack frames")'>Click to show all stack frames</a>
<div class='stack-trace' id='stack-trace408122693'><pre>org.openqa.selenium.NoSuchElementException: no such element: Unable to locate element: {&quot;method&quot;:&quot;xpath&quot;,&quot;selector&quot;:&quot;//a[contains(text(),&apos;DOWNLOAD&apos;)]&quot;}
  (Session info: chrome=134.0.6998.178)
For documentation on this error, please visit: https://www.selenium.dev/documentation/webdriver/troubleshooting/errors#no-such-element-exception
Build info: version: &apos;4.28.1&apos;, revision: &apos;73f5ad48a2&apos;
System info: os.name: &apos;Windows 10&apos;, os.arch: &apos;amd64&apos;, os.version: &apos;10.0&apos;, java.version: &apos;21.0.5&apos;
Driver info: org.openqa.selenium.chrome.ChromeDriver
Command: [45f2d5c4796be54098b631d040bbe26c, findElement {using=xpath, value=//a[contains(text(),&apos;DOWNLOAD&apos;)]}]
Capabilities {acceptInsecureCerts: false, browserName: chrome, browserVersion: 134.0.6998.178, chrome: {chromedriverVersion: 134.0.6998.165 (fd886e2cb29..., userDataDir: C:\Users\siva\AppData\Local...}, fedcm:accounts: true, goog:chromeOptions: {debuggerAddress: localhost:58821}, networkConnectionEnabled: false, pageLoadStrategy: normal, platformName: windows, proxy: Proxy(), se:cdp: ws://localhost:58821/devtoo..., se:cdpVersion: 134.0.6998.178, setWindowRect: true, strictFileInteractability: false, timeouts: {implicit: 0, pageLoad: 300000, script: 30000}, unhandledPromptBehavior: dismiss and notify, webauthn:extension:credBlob: true, webauthn:extension:largeBlob: true, webauthn:extension:minPinLength: true, webauthn:extension:prf: true, webauthn:virtualAuthenticators: true}
Session ID: 45f2d5c4796be54098b631d040bbe26c
	at java.base/jdk.internal.reflect.DirectConstructorHandleAccessor.newInstance(DirectConstructorHandleAccessor.java:62)
	at java.base/java.lang.reflect.Constructor.newInstanceWithCaller(Constructor.java:502)
	at java.base/java.lang.reflect.Constructor.newInstance(Constructor.java:486)
	at org.openqa.selenium.remote.ErrorCodec.decode(ErrorCodec.java:167)
	at org.openqa.selenium.remote.codec.w3c.W3CHttpResponseCodec.decode(W3CHttpResponseCodec.java:138)
	at org.openqa.selenium.remote.codec.w3c.W3CHttpResponseCodec.decode(W3CHttpResponseCodec.java:50)
	at org.openqa.selenium.remote.HttpCommandExecutor.execute(HttpCommandExecutor.java:215)
	at org.openqa.selenium.remote.service.DriverCommandExecutor.invokeExecute(DriverCommandExecutor.java:216)
	at org.openqa.selenium.remote.service.DriverCommandExecutor.execute(DriverCommandExecutor.java:174)
	at org.openqa.selenium.remote.RemoteWebDriver.execute(RemoteWebDriver.java:545)
	at org.openqa.selenium.remote.ElementLocation$ElementFinder$2.findElement(ElementLocation.java:165)
	at org.openqa.selenium.remote.ElementLocation.findElement(ElementLocation.java:59)
	at org.openqa.selenium.remote.RemoteWebDriver.findElement(RemoteWebDriver.java:368)
	at org.openqa.selenium.remote.RemoteWebDriver.findElement(RemoteWebDriver.java:362)
	at org.openqa.selenium.support.pagefactory.DefaultElementLocator.findElement(DefaultElementLocator.java:68)
	at org.openqa.selenium.support.pagefactory.internal.LocatingElementHandler.invoke(LocatingElementHandler.java:38)
	at jdk.proxy2/jdk.proxy2.$Proxy20.isDisplayed(Unknown Source)
	at page.DownloadPage.clickHotelAppLink(DownloadPage.java:45)
	at test.TC_010DownloadPageTest.testDownloadAndClick(TC_010DownloadPageTest.java:25)
	at java.base/jdk.internal.reflect.DirectMethodHandleAccessor.invoke(DirectMethodHandleAccessor.java:103)
	at java.base/java.lang.reflect.Method.invoke(Method.java:580)
	at org.testng.internal.invokers.MethodInvocationHelper.invokeMethod(MethodInvocationHelper.java:139)
	at org.testng.internal.invokers.TestInvoker.invokeMethod(TestInvoker.java:664)
	at org.testng.internal.invokers.TestInvoker.invokeTestMethod(TestInvoker.java:227)
	at org.testng.internal.invokers.MethodRunner.runInSequence(MethodRunner.java:50)
	at org.testng.internal.invokers.TestInvoker$MethodInvocationAgent.invoke(TestInvoker.java:957)
	at org.testng.internal.invokers.TestInvoker.invokeTestMethods(TestInvoker.java:200)
	at org.testng.internal.invokers.TestMethodWorker.invokeTestMethods(TestMethodWorker.java:148)
	at org.testng.internal.invokers.TestMethodWorker.run(TestMethodWorker.java:128)
	at java.base/java.util.ArrayList.forEach(ArrayList.java:1596)
	at org.testng.TestRunner.privateRun(TestRunner.java:848)
	at org.testng.TestRunner.run(TestRunner.java:621)
	at org.testng.SuiteRunner.runTest(SuiteRunner.java:443)
	at org.testng.SuiteRunner.runSequentially(SuiteRunner.java:437)
	at org.testng.SuiteRunner.privateRun(SuiteRunner.java:397)
	at org.testng.SuiteRunner.run(SuiteRunner.java:336)
	at org.testng.SuiteRunnerWorker.runSuite(SuiteRunnerWorker.java:52)
	at org.testng.SuiteRunnerWorker.run(SuiteRunnerWorker.java:95)
	at org.testng.TestNG.runSuitesSequentially(TestNG.java:1280)
	at org.testng.TestNG.runSuitesLocally(TestNG.java:1200)
	at org.testng.TestNG.runSuites(TestNG.java:1114)
	at org.testng.TestNG.run(TestNG.java:1082)
	at org.testng.remote.AbstractRemoteTestNG.run(AbstractRemoteTestNG.java:115)
	at org.testng.remote.RemoteTestNG.initAndRun(RemoteTestNG.java:293)
	at org.testng.remote.RemoteTestNG.main(RemoteTestNG.java:91)
</pre></div></td>
<td>16</td>
<td>test.TC_010DownloadPageTest@17f7cd29</td></tr>
<tr>
<td title='test.TC_003SignupTest.testSignup()'><b>testSignup</b><br>Test class: test.TC_003SignupTest<br>Parameters: validUser7721, Pass@123, Pass@123, John Doe, john712@example.com, Yes, Success, </td>
<td><div><pre>java.lang.AssertionError: Signup should be successful but found errors: Captcha is Empty expected [true] but found [false]
	at test.TC_003SignupTest.testSignup(TC_003SignupTest.java:51)
	at java.base/java.util.ArrayList.forEach(ArrayList.java:1596)
... Removed 28 stack frames</pre></div><a href='#' onClick='toggleBox("stack-trace1316910947", this, "Click to show all stack frames", "Click to hide stack frames")'>Click to show all stack frames</a>
<div class='stack-trace' id='stack-trace1316910947'><pre>java.lang.AssertionError: Signup should be successful but found errors: Captcha is Empty expected [true] but found [false]
	at org.testng.Assert.fail(Assert.java:111)
	at org.testng.Assert.failNotEquals(Assert.java:1578)
	at org.testng.Assert.assertTrue(Assert.java:57)
	at test.TC_003SignupTest.testSignup(TC_003SignupTest.java:51)
	at java.base/jdk.internal.reflect.DirectMethodHandleAccessor.invoke(DirectMethodHandleAccessor.java:103)
	at java.base/java.lang.reflect.Method.invoke(Method.java:580)
	at org.testng.internal.invokers.MethodInvocationHelper.invokeMethod(MethodInvocationHelper.java:139)
	at org.testng.internal.invokers.TestInvoker.invokeMethod(TestInvoker.java:664)
	at org.testng.internal.invokers.TestInvoker.invokeTestMethod(TestInvoker.java:227)
	at org.testng.internal.invokers.MethodRunner.runInSequence(MethodRunner.java:50)
	at org.testng.internal.invokers.TestInvoker$MethodInvocationAgent.invoke(TestInvoker.java:957)
	at org.testng.internal.invokers.TestInvoker.invokeTestMethods(TestInvoker.java:200)
	at org.testng.internal.invokers.TestMethodWorker.invokeTestMethods(TestMethodWorker.java:148)
	at org.testng.internal.invokers.TestMethodWorker.run(TestMethodWorker.java:128)
	at java.base/java.util.ArrayList.forEach(ArrayList.java:1596)
	at org.testng.TestRunner.privateRun(TestRunner.java:848)
	at org.testng.TestRunner.run(TestRunner.java:621)
	at org.testng.SuiteRunner.runTest(SuiteRunner.java:443)
	at org.testng.SuiteRunner.runSequentially(SuiteRunner.java:437)
	at org.testng.SuiteRunner.privateRun(SuiteRunner.java:397)
	at org.testng.SuiteRunner.run(SuiteRunner.java:336)
	at org.testng.SuiteRunnerWorker.runSuite(SuiteRunnerWorker.java:52)
	at org.testng.SuiteRunnerWorker.run(SuiteRunnerWorker.java:95)
	at org.testng.TestNG.runSuitesSequentially(TestNG.java:1280)
	at org.testng.TestNG.runSuitesLocally(TestNG.java:1200)
	at org.testng.TestNG.runSuites(TestNG.java:1114)
	at org.testng.TestNG.run(TestNG.java:1082)
	at org.testng.remote.AbstractRemoteTestNG.run(AbstractRemoteTestNG.java:115)
	at org.testng.remote.RemoteTestNG.initAndRun(RemoteTestNG.java:293)
	at org.testng.remote.RemoteTestNG.main(RemoteTestNG.java:91)
</pre></div></td>
<td>68</td>
<td>test.TC_003SignupTest@4988d8b8</td></tr>
</table><p>
<table width='100%' border='1' class='invocation-passed'>
<tr><td colspan='4' align='center'><b>PASSED TESTS</b></td></tr>
<tr><td><b>Test method</b></td>
<td><b>Attribute(s)</b></td>
<td width="30%"><b>Exception</b></td>
<td width="10%"><b>Time (seconds)</b></td>
<td><b>Instance</b></td>
</tr>
<tr>
<td title='test.TC_007BookHotelTest.verifyHotelBooking()'><b>verifyHotelBooking</b><br>Test class: test.TC_007BookHotelTest<br>Parameters: sivachandran, 987654321, New York, John, Doe, NY, USA, , VISA, November, 2026, 123, Please Enter your 16 Digit Credit Card Number</td>
<td></td>
<td>7</td>
<td>test.TC_007BookHotelTest@66d18979</td></tr>
<tr>
<td title='test.TC_002ForgetPasswordTest.testClickBackToLogin()'><b>testClickBackToLogin</b><br>Test class: test.TC_002ForgetPasswordTest</td>
<td></td>
<td>2</td>
<td>test.TC_002ForgetPasswordTest@2df3b89c</td></tr>
<tr>
<td title='test.TC_004SearchHotelTest.searchHotelTest()'><b>searchHotelTest</b><br>Test class: test.TC_004SearchHotelTest<br>Parameters: sivachandran, 987654321, Missing Check-in Date, Melbourne, Hotel Sunshine, Standard, 2 - Two, empty, 27/03/2025, 2 - Two, 1 - One, Check-In Date shall be before than Check-Out Date</td>
<td></td>
<td>4</td>
<td>test.TC_004SearchHotelTest@c0c2f8d</td></tr>
<tr>
<td title='test.TC_004SearchHotelTest.searchHotelTest()'><b>searchHotelTest</b><br>Test class: test.TC_004SearchHotelTest<br>Parameters: sivachandran, 987654321, Missing Number of Rooms, Adelaide, Hotel Sunshine, Standard, - Select Number of Rooms -, 25/03/2025, 23/03/2025, 2 - Two, 1 - One, Please Select Total Number of Rooms</td>
<td></td>
<td>4</td>
<td>test.TC_004SearchHotelTest@c0c2f8d</td></tr>
<tr>
<td title='test.TC_007BookHotelTest.verifyHotelBooking()'><b>verifyHotelBooking</b><br>Test class: test.TC_007BookHotelTest<br>Parameters: sivachandran, 987654321, London, Vimal, Doe, , 4111111111111110, VISA, October, 2026, 123, Please Enter your Address</td>
<td></td>
<td>7</td>
<td>test.TC_007BookHotelTest@66d18979</td></tr>
<tr>
<td title='test.TC_009ChangePasswordTest.testChangePassword()'><b>testChangePassword</b><br>Test class: test.TC_009ChangePasswordTest<br>Parameters: sivachandran, 98765432, WrongPass123, NewPass@123, NewPass@123, Please enter correct current password!!!</td>
<td></td>
<td>4</td>
<td>test.TC_009ChangePasswordTest@609cd4d8</td></tr>
<tr>
<td title='test.TC_006BookedltineraryTest.verifySearchBookingWithInvalidBookingID()'><b>verifySearchBookingWithInvalidBookingID</b><br>Test class: test.TC_006BookedltineraryTest</td>
<td></td>
<td>56</td>
<td>test.TC_006BookedltineraryTest@6913c1fb</td></tr>
<tr>
<td title='test.TC_007BookHotelTest.verifyHotelBooking()'><b>verifyHotelBooking</b><br>Test class: test.TC_007BookHotelTest<br>Parameters: sivachandran, 987654321, Adelaide, , Doe, NY, USA, 4111111111111110, VISA, March, 2026, 123, Please Enter your First Name</td>
<td></td>
<td>7</td>
<td>test.TC_007BookHotelTest@66d18979</td></tr>
<tr>
<td title='test.TC_002ForgetPasswordTest.testInvalidEmailForPasswordReset()'><b>testInvalidEmailForPasswordReset</b><br>Test class: test.TC_002ForgetPasswordTest</td>
<td></td>
<td>2</td>
<td>test.TC_002ForgetPasswordTest@2df3b89c</td></tr>
<tr>
<td title='test.TC_007BookHotelTest.verifyHotelBooking()'><b>verifyHotelBooking</b><br>Test class: test.TC_007BookHotelTest<br>Parameters: sivachandran, 987654321, New York, Diya, Doe, NY, USA, 4111111111111110, VISA, , 2026, 123, Please Select your Credit Card Expiry Year</td>
<td></td>
<td>7</td>
<td>test.TC_007BookHotelTest@66d18979</td></tr>
<tr>
<td title='test.TC_007BookHotelTest.verifyHotelBooking()'><b>verifyHotelBooking</b><br>Test class: test.TC_007BookHotelTest<br>Parameters: sivachandran, 987654321, Paris, siva, Doe, NY, USA, 4111111111111110, VISA, March, 2026, , Please Enter your Credit Card CVV Number</td>
<td></td>
<td>7</td>
<td>test.TC_007BookHotelTest@66d18979</td></tr>
<tr>
<td title='test.TC_007BookHotelTest.verifyHotelBooking()'><b>verifyHotelBooking</b><br>Test class: test.TC_007BookHotelTest<br>Parameters: sivachandran, 987654321, Melbourne, Kalai, , NY, USA, 4111111111111110, VISA, April, 2026, 123, Please Enter you Last Name</td>
<td></td>
<td>7</td>
<td>test.TC_007BookHotelTest@66d18979</td></tr>
<tr>
<td title='test.TC_006BookedltineraryTest.verifyUnauthorizedAccess()'><b>verifyUnauthorizedAccess</b><br>Test class: test.TC_006BookedltineraryTest</td>
<td></td>
<td>31</td>
<td>test.TC_006BookedltineraryTest@6913c1fb</td></tr>
<tr>
<td title='test.TC_003SignupTest.testSignup()'><b>testSignup</b><br>Test class: test.TC_003SignupTest<br>Parameters: noTermsChecked, Pass@123, Pass@123, Alice Doe, alice1@example.com, No, Failure, You must agree to Terms and Conditions</td>
<td></td>
<td>32</td>
<td>test.TC_003SignupTest@4988d8b8</td></tr>
<tr>
<td title='test.TC_007BookHotelTest.verifyHotelBooking()'><b>verifyHotelBooking</b><br>Test class: test.TC_007BookHotelTest<br>Parameters: sivachandran, 987654321, London, virat, Doe, NY, USA, 4111111111111110, VISA, January, 2026, 123, Success</td>
<td></td>
<td>8</td>
<td>test.TC_007BookHotelTest@66d18979</td></tr>
<tr>
<td title='test.TC_009ChangePasswordTest.testChangePassword()'><b>testChangePassword</b><br>Test class: test.TC_009ChangePasswordTest<br>Parameters: sivachandran, 98765432, OldPass123, 123, 123, Please enter correct current password!!!</td>
<td></td>
<td>6</td>
<td>test.TC_009ChangePasswordTest@609cd4d8</td></tr>
<tr>
<td title='test.TC_007BookHotelTest.verifyHotelBooking()'><b>verifyHotelBooking</b><br>Test class: test.TC_007BookHotelTest<br>Parameters: sivachandran, 987654321, Paris, Jack, Doe, NY, USA, 4111111111111110, , November, 2026, 123, Please Select your Credit Card Type</td>
<td></td>
<td>7</td>
<td>test.TC_007BookHotelTest@66d18979</td></tr>
<tr>
<td title='test.TC_006BookedltineraryTest.verifyCancelSelectedBookingSuccessfully()'><b>verifyCancelSelectedBookingSuccessfully</b><br>Test class: test.TC_006BookedltineraryTest</td>
<td></td>
<td>27</td>
<td>test.TC_006BookedltineraryTest@6913c1fb</td></tr>
<tr>
<td title='test.TC_004SearchHotelTest.searchHotelTest()'><b>searchHotelTest</b><br>Test class: test.TC_004SearchHotelTest<br>Parameters: sivachandran, 987654321, Missing Location, - Select Location -, Hotel Sunshine, Standard, 2 - Two, 25/03/2025, 27/03/2025, 2 - Two, 1 - One, Please Select a Location</td>
<td></td>
<td>4</td>
<td>test.TC_004SearchHotelTest@c0c2f8d</td></tr>
<tr>
<td title='test.TC_001HomePageTest.testLoginFunctionality()'><b>testLoginFunctionality</b><br>Test class: test.TC_001HomePageTest<br>Parameters: , , Enter Username</td>
<td></td>
<td>0</td>
<td>test.TC_001HomePageTest@24313fcc</td></tr>
<tr>
<td title='test.TC_002ForgetPasswordTest.testBlankEmailField()'><b>testBlankEmailField</b><br>Test class: test.TC_002ForgetPasswordTest</td>
<td></td>
<td>2</td>
<td>test.TC_002ForgetPasswordTest@2df3b89c</td></tr>
<tr>
<td title='test.TC_001HomePageTest.testElementsVisibility()'><b>testElementsVisibility</b><br>Test class: test.TC_001HomePageTest</td>
<td></td>
<td>0</td>
<td>test.TC_001HomePageTest@24313fcc</td></tr>
<tr>
<td title='test.TC_004SearchHotelTest.searchHotelTest()'><b>searchHotelTest</b><br>Test class: test.TC_004SearchHotelTest<br>Parameters: sivachandran, 987654321, Successful Search, Paris, Hotel Sunshine, Standard, 2 - Two, 25/03/2025, 27/03/2025, 2 - Two, 1 - One, SUCCESS</td>
<td></td>
<td>5</td>
<td>test.TC_004SearchHotelTest@c0c2f8d</td></tr>
<tr>
<td title='test.TC_006BookedltineraryTest.verifyHeaderButtonsClickability()'><b>verifyHeaderButtonsClickability</b><br>Test class: test.TC_006BookedltineraryTest</td>
<td></td>
<td>14</td>
<td>test.TC_006BookedltineraryTest@6913c1fb</td></tr>
<tr>
<td title='test.TC_001HomePageTest.testLoginFunctionality()'><b>testLoginFunctionality</b><br>Test class: test.TC_001HomePageTest<br>Parameters: sivachandran11, 1212121212, Invalid Login details or Your Password might have expired. Click here to reset your password</td>
<td></td>
<td>1</td>
<td>test.TC_001HomePageTest@24313fcc</td></tr>
<tr>
<td title='test.TC_008BookIngConfirmTest.verifyBookingConfirmation()'><b>verifyBookingConfirmation</b><br>Test class: test.TC_008BookIngConfirmTest</td>
<td></td>
<td>19</td>
<td>test.TC_008BookIngConfirmTest@bccb269</td></tr>
<tr>
<td title='test.TC_001HomePageTest.testLoginFunctionality()'><b>testLoginFunctionality</b><br>Test class: test.TC_001HomePageTest<br>Parameters: sivachandran, , Enter Password</td>
<td></td>
<td>0</td>
<td>test.TC_001HomePageTest@24313fcc</td></tr>
<tr>
<td title='test.TC_006BookedltineraryTest.verifyCancelSelectedBookingWithoutSelectingAny()'><b>verifyCancelSelectedBookingWithoutSelectingAny</b><br>Test class: test.TC_006BookedltineraryTest</td>
<td></td>
<td>20</td>
<td>test.TC_006BookedltineraryTest@6913c1fb</td></tr>
<tr>
<td title='test.TC_003SignupTest.testSignup()'><b>testSignup</b><br>Test class: test.TC_003SignupTest<br>Parameters: invalidEmail, Pass@123, Pass@123, Mike Ross, invalid-email, Yes, Failure, Invalid email, Please enter correct email.</td>
<td></td>
<td>38</td>
<td>test.TC_003SignupTest@4988d8b8</td></tr>
<tr>
<td title='test.TC_004SearchHotelTest.searchHotelTest()'><b>searchHotelTest</b><br>Test class: test.TC_004SearchHotelTest<br>Parameters: sivachandran, 987654321, Missing Check-out Date, London, Hotel Sunshine, Standard, 2 - Two, empty, , 2 - Two, 1 - One, Check-In Date shall be before than Check-Out Date</td>
<td></td>
<td>4</td>
<td>test.TC_004SearchHotelTest@c0c2f8d</td></tr>
<tr>
<td title='test.TC_003SignupTest.testSignup()'><b>testSignup</b><br>Test class: test.TC_003SignupTest<br>Parameters: wewe, Pass@123, Pass@123, John Doe, john81@example.com, Yes, Failure, Username must contain minimum 8 characters</td>
<td></td>
<td>32</td>
<td>test.TC_003SignupTest@4988d8b8</td></tr>
<tr>
<td title='test.TC_004SearchHotelTest.verifyButtonsClickabilityTest()'><b>verifyButtonsClickabilityTest</b><br>Test class: test.TC_004SearchHotelTest</td>
<td></td>
<td>2</td>
<td>test.TC_004SearchHotelTest@c0c2f8d</td></tr>
<tr>
<td title='test.TC_005SelectHotelTest.verifyHotelDetailsAndTotalPrice()'><b>verifyHotelDetailsAndTotalPrice</b><br>Test class: test.TC_005SelectHotelTest</td>
<td></td>
<td>1</td>
<td>test.TC_005SelectHotelTest@305b7c14</td></tr>
<tr>
<td title='test.TC_009ChangePasswordTest.testChangePassword()'><b>testChangePassword</b><br>Test class: test.TC_009ChangePasswordTest<br>Parameters: sivachandran, 987654321, 987654321, 98765432, 98765432, Your Password is successfully updated!!!</td>
<td></td>
<td>5</td>
<td>test.TC_009ChangePasswordTest@609cd4d8</td></tr>
<tr>
<td title='test.TC_003SignupTest.testSignup()'><b>testSignup</b><br>Test class: test.TC_003SignupTest<br>Parameters: emptyPassword, Pass@123, , Jane Doe, jane22@example.com, Yes, Failure, Confirm Password is Empty</td>
<td></td>
<td>32</td>
<td>test.TC_003SignupTest@4988d8b8</td></tr>
<tr>
<td title='test.TC_003SignupTest.testSignup()'><b>testSignup</b><br>Test class: test.TC_003SignupTest<br>Parameters: Sivadivya, , Pass@123, Alice Doe, csiva@gmail.com, yes`, Failure, Password is Empty</td>
<td></td>
<td>21</td>
<td>test.TC_003SignupTest@4988d8b8</td></tr>
<tr>
<td title='test.TC_004SearchHotelTest.searchHotelTest()'><b>searchHotelTest</b><br>Test class: test.TC_004SearchHotelTest<br>Parameters: sivachandran, 987654321, Missing Adults per Room, New York, Hotel Sunshine, Standard, 2 - Two, 25/03/2025, 27/03/2025, - Select Adults per Room -, 1 - One, Please Select Adults per Room</td>
<td></td>
<td>5</td>
<td>test.TC_004SearchHotelTest@c0c2f8d</td></tr>
<tr>
<td title='test.TC_009ChangePasswordTest.testChangePassword()'><b>testChangePassword</b><br>Test class: test.TC_009ChangePasswordTest<br>Parameters: sivachandran, 98765432, OldPass123, NewPass@123, WrongConfirm@123, Please enter correct current password!!!</td>
<td></td>
<td>4</td>
<td>test.TC_009ChangePasswordTest@609cd4d8</td></tr>
<tr>
<td title='test.TC_001HomePageTest.testLoginFunctionality()'><b>testLoginFunctionality</b><br>Test class: test.TC_001HomePageTest<br>Parameters: , 987654321, Enter Username</td>
<td></td>
<td>0</td>
<td>test.TC_001HomePageTest@24313fcc</td></tr>
<tr>
<td title='test.TC_005SelectHotelTest.testEditSelectHotel()'><b>testEditSelectHotel</b><br>Test class: test.TC_005SelectHotelTest</td>
<td></td>
<td>5</td>
<td>test.TC_005SelectHotelTest@305b7c14</td></tr>
<tr>
<td title='test.TC_009ChangePasswordTest.testChangePassword()'><b>testChangePassword</b><br>Test class: test.TC_009ChangePasswordTest<br>Parameters: sivachandran, 98765432, , , , Please enter correct current password!!!</td>
<td></td>
<td>4</td>
<td>test.TC_009ChangePasswordTest@609cd4d8</td></tr>
<tr>
<td title='test.TC_006BookedltineraryTest.verifySearchBookingWithValidBookingID()'><b>verifySearchBookingWithValidBookingID</b><br>Test class: test.TC_006BookedltineraryTest</td>
<td></td>
<td>17</td>
<td>test.TC_006BookedltineraryTest@6913c1fb</td></tr>
<tr>
<td title='test.TC_007BookHotelTest.verifyHotelBooking()'><b>verifyHotelBooking</b><br>Test class: test.TC_007BookHotelTest<br>Parameters: sivachandran, 987654321, Melbourne, latha, Doe, NY, USA, 4111111111111110, VISA, October, , 121, Please Select your Credit Card Expiry Month</td>
<td></td>
<td>7</td>
<td>test.TC_007BookHotelTest@66d18979</td></tr>
<tr>
<td title='test.TC_001HomePageTest.testLoginFunctionality()'><b>testLoginFunctionality</b><br>Test class: test.TC_001HomePageTest<br>Parameters: sivachandran, 987654321, Hello sivachandran!</td>
<td></td>
<td>48</td>
<td>test.TC_001HomePageTest@24313fcc</td></tr>
<tr>
<td title='test.TC_002ForgetPasswordTest.testValidEmailForPasswordReset()'><b>testValidEmailForPasswordReset</b><br>Test class: test.TC_002ForgetPasswordTest</td>
<td></td>
<td>7</td>
<td>test.TC_002ForgetPasswordTest@2df3b89c</td></tr>
<tr>
<td title='test.TC_006BookedltineraryTest.verifyNavigationToBookedItineraryPage()'><b>verifyNavigationToBookedItineraryPage</b><br>Test class: test.TC_006BookedltineraryTest</td>
<td></td>
<td>8</td>
<td>test.TC_006BookedltineraryTest@6913c1fb</td></tr>
</table><p>
</body>
</html>